This is pdfTeX, Version 3.141592653-2.6-1.40.28 (TeX Live 2025) (preloaded format=pdflatex 2025.9.9)  15 APR 2026 11:53
entering extended mode
 restricted \write18 enabled.
 file:line:error style messages enabled.
 %&-line parsing enabled.
**/home/isisalah/cvw26_poster/main.tex
(/home/isisalah/cvw26_poster/main.tex
LaTeX2e <2025-06-01> patch level 1
L3 programming layer <2025-08-13>
(./baposter.cls
Document Class: baposter 2011/09/15 v2.0 baposter class
(/usr/local/texlive/2025/texmf-dist/tex/latex/base/article.cls
Document Class: article 2025/01/22 v1.4n Standard LaTeX document class
(/usr/local/texlive/2025/texmf-dist/tex/latex/base/size10.clo
File: size10.clo 2025/01/22 v1.4n Standard LaTeX file (size option)
)
\c@part=\count275
\c@section=\count276
\c@subsection=\count277
\c@subsubsection=\count278
\c@paragraph=\count279
\c@subparagraph=\count280
\c@figure=\count281
\c@table=\count282
\abovecaptionskip=\skip49
\belowcaptionskip=\skip50
\bibindent=\dimen148
)
baposter: Brian Amberg, 2007, 2008, 2009, 2010, 2011 | http://www.brian-amberg.de/uni/poster/
baposter: Reinhold Kainhofer, 2011 | http://reinhold.kainhofer.com/
\baposter@basepaperwidth=\skip51
\baposter@basepaperheight=\skip52
\baposter@basemargin=\skip53
\baposter@finalpaperwidth=\skip54
\baposter@finalpaperheight=\skip55
\baposter@finalmargin=\skip56
\headerheight=\skip57
\colwidth=\skip58
\colheight=\skip59
\baposter@@colspacing=\skip60
\baposter@box@@cornerradius=\skip61
\baposter@box@@boxheaderheight=\skip62
\baposter@box@@boxpadding=\skip63
\boxstartx=\skip64
\boxstarty=\skip65
\boxwidth=\skip66
\boxheight=\skip67
\baposter@titleimage@left@width=\skip68
\baposter@titleimage@right@width=\skip69
\baposter@titleimage@textwidth=\skip70
\baposter@box@content=\box53
\baposter@titleimage@left=\box54
\baposter@titleimage@title=\box55
\baposter@titleimage@right=\box56
Use Packages
(/usr/local/texlive/2025/texmf-dist/tex/latex/xkeyval/xkeyval.sty
Package: xkeyval 2022/06/16 v2.9 package option processing (HA)
 (/usr/local/texlive/2025/texmf-dist/tex/generic/xkeyval/xkeyval.tex (/usr/local/texlive/2025/texmf-dist/tex/generic/xkeyval/xkvutils.tex
\XKV@toks=\toks17
\XKV@tempa@toks=\toks18
 (/usr/local/texlive/2025/texmf-dist/tex/generic/xkeyval/keyval.tex))
\XKV@depth=\count283
File: xkeyval.tex 2014/12/03 v2.7a key=value parser (HA)
)) (/usr/local/texlive/2025/texmf-dist/tex/latex/tools/calc.sty
Package: calc 2025/03/01 v4.3b Infix arithmetic (KKT,FJ)
\calc@Acount=\count284
\calc@Bcount=\count285
\calc@Adimen=\dimen149
\calc@Bdimen=\dimen150
\calc@Askip=\skip71
\calc@Bskip=\skip72
LaTeX Info: Redefining \setlength on input line 86.
LaTeX Info: Redefining \addtolength on input line 87.
\calc@Ccount=\count286
\calc@Cskip=\skip73
) (/usr/local/texlive/2025/texmf-dist/tex/latex/xcolor/xcolor.sty
Package: xcolor 2024/09/29 v3.02 LaTeX color extensions (UK)
 (/usr/local/texlive/2025/texmf-dist/tex/latex/graphics-cfg/color.cfg
File: color.cfg 2016/01/02 v1.6 sample color configuration
)
Package xcolor Info: Driver file: pdftex.def on input line 274.
 (/usr/local/texlive/2025/texmf-dist/tex/latex/graphics-def/pdftex.def
File: pdftex.def 2024/04/13 v1.2c Graphics/color driver for pdftex
) (/usr/local/texlive/2025/texmf-dist/tex/latex/graphics/mathcolor.ltx)
Package xcolor Info: Model `cmy' substituted by `cmy0' on input line 1349.
Package xcolor Info: Model `hsb' substituted by `rgb' on input line 1353.
Package xcolor Info: Model `RGB' extended on input line 1365.
Package xcolor Info: Model `HTML' substituted by `rgb' on input line 1367.
Package xcolor Info: Model `Hsb' substituted by `hsb' on input line 1368.
Package xcolor Info: Model `tHsb' substituted by `hsb' on input line 1369.
Package xcolor Info: Model `HSB' substituted by `hsb' on input line 1370.
Package xcolor Info: Model `Gray' substituted by `gray' on input line 1371.
Package xcolor Info: Model `wave' substituted by `hsb' on input line 1372.
) (/usr/local/texlive/2025/texmf-dist/tex/latex/pgf/frontendlayer/tikz.sty (/usr/local/texlive/2025/texmf-dist/tex/latex/pgf/basiclayer/pgf.sty (/usr/local/texlive/2025/texmf-dist/tex/latex/pgf/utilities/pgfrcs.sty (/usr/local/texlive/2025/texmf-dist/tex/generic/pgf/utilities/pgfutil-common.tex
\pgfutil@everybye=\toks19
\pgfutil@tempdima=\dimen151
\pgfutil@tempdimb=\dimen152
) (/usr/local/texlive/2025/texmf-dist/tex/generic/pgf/utilities/pgfutil-latex.def
\pgfutil@abb=\box57
) (/usr/local/texlive/2025/texmf-dist/tex/generic/pgf/utilities/pgfrcs.code.tex (/usr/local/texlive/2025/texmf-dist/tex/generic/pgf/pgf.revision.tex)
Package: pgfrcs 2025-08-29 v3.1.11a (3.1.11a)
))
Package: pgf 2025-08-29 v3.1.11a (3.1.11a)
 (/usr/local/texlive/2025/texmf-dist/tex/latex/pgf/basiclayer/pgfcore.sty (/usr/local/texlive/2025/texmf-dist/tex/latex/graphics/graphicx.sty
Package: graphicx 2024/12/31 v1.2e Enhanced LaTeX Graphics (DPC,SPQR)
 (/usr/local/texlive/2025/texmf-dist/tex/latex/graphics/graphics.sty
Package: graphics 2024/08/06 v1.4g Standard LaTeX Graphics (DPC,SPQR)
 (/usr/local/texlive/2025/texmf-dist/tex/latex/graphics/trig.sty
Package: trig 2023/12/02 v1.11 sin cos tan (DPC)
) (/usr/local/texlive/2025/texmf-dist/tex/latex/graphics-cfg/graphics.cfg
File: graphics.cfg 2016/06/04 v1.11 sample graphics configuration
)
Package graphics Info: Driver file: pdftex.def on input line 106.
)
\Gin@req@height=\dimen153
\Gin@req@width=\dimen154
) (/usr/local/texlive/2025/texmf-dist/tex/latex/pgf/systemlayer/pgfsys.sty (/usr/local/texlive/2025/texmf-dist/tex/generic/pgf/systemlayer/pgfsys.code.tex
Package: pgfsys 2025-08-29 v3.1.11a (3.1.11a)
 (/usr/local/texlive/2025/texmf-dist/tex/generic/pgf/utilities/pgfkeys.code.tex
\pgfkeys@pathtoks=\toks20
\pgfkeys@temptoks=\toks21
 (/usr/local/texlive/2025/texmf-dist/tex/generic/pgf/utilities/pgfkeyslibraryfiltered.code.tex
\pgfkeys@tmptoks=\toks22
))
\pgf@x=\dimen155
\pgf@y=\dimen156
\pgf@xa=\dimen157
\pgf@ya=\dimen158
\pgf@xb=\dimen159
\pgf@yb=\dimen160
\pgf@xc=\dimen161
\pgf@yc=\dimen162
\pgf@xd=\dimen163
\pgf@yd=\dimen164
\w@pgf@writea=\write3
\r@pgf@reada=\read2
\c@pgf@counta=\count287
\c@pgf@countb=\count288
\c@pgf@countc=\count289
\c@pgf@countd=\count290
\t@pgf@toka=\toks23
\t@pgf@tokb=\toks24
\t@pgf@tokc=\toks25
\pgf@sys@id@count=\count291
 (/usr/local/texlive/2025/texmf-dist/tex/generic/pgf/systemlayer/pgf.cfg
File: pgf.cfg 2025-08-29 v3.1.11a (3.1.11a)
)
Driver file for pgf: pgfsys-pdftex.def
 (/usr/local/texlive/2025/texmf-dist/tex/generic/pgf/systemlayer/pgfsys-pdftex.def
File: pgfsys-pdftex.def 2025-08-29 v3.1.11a (3.1.11a)
 (/usr/local/texlive/2025/texmf-dist/tex/generic/pgf/systemlayer/pgfsys-common-pdf.def
File: pgfsys-common-pdf.def 2025-08-29 v3.1.11a (3.1.11a)
))) (/usr/local/texlive/2025/texmf-dist/tex/generic/pgf/systemlayer/pgfsyssoftpath.code.tex
File: pgfsyssoftpath.code.tex 2025-08-29 v3.1.11a (3.1.11a)
\pgfsyssoftpath@smallbuffer@items=\count292
\pgfsyssoftpath@bigbuffer@items=\count293
) (/usr/local/texlive/2025/texmf-dist/tex/generic/pgf/systemlayer/pgfsysprotocol.code.tex
File: pgfsysprotocol.code.tex 2025-08-29 v3.1.11a (3.1.11a)
)) (/usr/local/texlive/2025/texmf-dist/tex/generic/pgf/basiclayer/pgfcore.code.tex
Package: pgfcore 2025-08-29 v3.1.11a (3.1.11a)
 (/usr/local/texlive/2025/texmf-dist/tex/generic/pgf/math/pgfmath.code.tex (/usr/local/texlive/2025/texmf-dist/tex/generic/pgf/math/pgfmathutil.code.tex) (/usr/local/texlive/2025/texmf-dist/tex/generic/pgf/math/pgfmathparser.code.tex
\pgfmath@dimen=\dimen165
\pgfmath@count=\count294
\pgfmath@box=\box58
\pgfmath@toks=\toks26
\pgfmath@stack@operand=\toks27
\pgfmath@stack@operation=\toks28
) (/usr/local/texlive/2025/texmf-dist/tex/generic/pgf/math/pgfmathfunctions.code.tex) (/usr/local/texlive/2025/texmf-dist/tex/generic/pgf/math/pgfmathfunctions.basic.code.tex) (/usr/local/texlive/2025/texmf-dist/tex/generic/pgf/math/pgfmathfunctions.trigonometric.code.tex) (/usr/local/texlive/2025/texmf-dist/tex/generic/pgf/math/pgfmathfunctions.random.code.tex) (/usr/local/texlive/2025/texmf-dist/tex/generic/pgf/math/pgfmathfunctions.comparison.code.tex) (/usr/local/texlive/2025/texmf-dist/tex/generic/pgf/math/pgfmathfunctions.base.code.tex) (/usr/local/texlive/2025/texmf-dist/tex/generic/pgf/math/pgfmathfunctions.round.code.tex) (/usr/local/texlive/2025/texmf-dist/tex/generic/pgf/math/pgfmathfunctions.misc.code.tex) (/usr/local/texlive/2025/texmf-dist/tex/generic/pgf/math/pgfmathfunctions.integerarithmetics.code.tex) (/usr/local/texlive/2025/texmf-dist/tex/generic/pgf/math/pgfmathcalc.code.tex) (/usr/local/texlive/2025/texmf-dist/tex/generic/pgf/math/pgfmathfloat.code.tex
\c@pgfmathroundto@lastzeros=\count295
)) (/usr/local/texlive/2025/texmf-dist/tex/generic/pgf/math/pgfint.code.tex) (/usr/local/texlive/2025/texmf-dist/tex/generic/pgf/basiclayer/pgfcorepoints.code.tex
File: pgfcorepoints.code.tex 2025-08-29 v3.1.11a (3.1.11a)
\pgf@picminx=\dimen166
\pgf@picmaxx=\dimen167
\pgf@picminy=\dimen168
\pgf@picmaxy=\dimen169
\pgf@pathminx=\dimen170
\pgf@pathmaxx=\dimen171
\pgf@pathminy=\dimen172
\pgf@pathmaxy=\dimen173
\pgf@xx=\dimen174
\pgf@xy=\dimen175
\pgf@yx=\dimen176
\pgf@yy=\dimen177
\pgf@zx=\dimen178
\pgf@zy=\dimen179
) (/usr/local/texlive/2025/texmf-dist/tex/generic/pgf/basiclayer/pgfcorepathconstruct.code.tex
File: pgfcorepathconstruct.code.tex 2025-08-29 v3.1.11a (3.1.11a)
\pgf@path@lastx=\dimen180
\pgf@path@lasty=\dimen181
) (/usr/local/texlive/2025/texmf-dist/tex/generic/pgf/basiclayer/pgfcorepathusage.code.tex
File: pgfcorepathusage.code.tex 2025-08-29 v3.1.11a (3.1.11a)
\pgf@shorten@end@additional=\dimen182
\pgf@shorten@start@additional=\dimen183
) (/usr/local/texlive/2025/texmf-dist/tex/generic/pgf/basiclayer/pgfcorescopes.code.tex
File: pgfcorescopes.code.tex 2025-08-29 v3.1.11a (3.1.11a)
\pgfpic=\box59
\pgf@hbox=\box60
\pgf@layerbox@main=\box61
\pgf@picture@serial@count=\count296
) (/usr/local/texlive/2025/texmf-dist/tex/generic/pgf/basiclayer/pgfcoregraphicstate.code.tex
File: pgfcoregraphicstate.code.tex 2025-08-29 v3.1.11a (3.1.11a)
\pgflinewidth=\dimen184
) (/usr/local/texlive/2025/texmf-dist/tex/generic/pgf/basiclayer/pgfcoretransformations.code.tex
File: pgfcoretransformations.code.tex 2025-08-29 v3.1.11a (3.1.11a)
\pgf@pt@x=\dimen185
\pgf@pt@y=\dimen186
\pgf@pt@temp=\dimen187
) (/usr/local/texlive/2025/texmf-dist/tex/generic/pgf/basiclayer/pgfcorequick.code.tex
File: pgfcorequick.code.tex 2025-08-29 v3.1.11a (3.1.11a)
) (/usr/local/texlive/2025/texmf-dist/tex/generic/pgf/basiclayer/pgfcoreobjects.code.tex
File: pgfcoreobjects.code.tex 2025-08-29 v3.1.11a (3.1.11a)
) (/usr/local/texlive/2025/texmf-dist/tex/generic/pgf/basiclayer/pgfcorepathprocessing.code.tex
File: pgfcorepathprocessing.code.tex 2025-08-29 v3.1.11a (3.1.11a)
) (/usr/local/texlive/2025/texmf-dist/tex/generic/pgf/basiclayer/pgfcorearrows.code.tex
File: pgfcorearrows.code.tex 2025-08-29 v3.1.11a (3.1.11a)
\pgfarrowsep=\dimen188
) (/usr/local/texlive/2025/texmf-dist/tex/generic/pgf/basiclayer/pgfcoreshade.code.tex
File: pgfcoreshade.code.tex 2025-08-29 v3.1.11a (3.1.11a)
\pgf@max=\dimen189
\pgf@sys@shading@range@num=\count297
\pgf@shadingcount=\count298
) (/usr/local/texlive/2025/texmf-dist/tex/generic/pgf/basiclayer/pgfcoreimage.code.tex
File: pgfcoreimage.code.tex 2025-08-29 v3.1.11a (3.1.11a)
) (/usr/local/texlive/2025/texmf-dist/tex/generic/pgf/basiclayer/pgfcoreexternal.code.tex
File: pgfcoreexternal.code.tex 2025-08-29 v3.1.11a (3.1.11a)
\pgfexternal@startupbox=\box62
) (/usr/local/texlive/2025/texmf-dist/tex/generic/pgf/basiclayer/pgfcorelayers.code.tex
File: pgfcorelayers.code.tex 2025-08-29 v3.1.11a (3.1.11a)
) (/usr/local/texlive/2025/texmf-dist/tex/generic/pgf/basiclayer/pgfcoretransparency.code.tex
File: pgfcoretransparency.code.tex 2025-08-29 v3.1.11a (3.1.11a)
) (/usr/local/texlive/2025/texmf-dist/tex/generic/pgf/basiclayer/pgfcorepatterns.code.tex
File: pgfcorepatterns.code.tex 2025-08-29 v3.1.11a (3.1.11a)
) (/usr/local/texlive/2025/texmf-dist/tex/generic/pgf/basiclayer/pgfcorerdf.code.tex
File: pgfcorerdf.code.tex 2025-08-29 v3.1.11a (3.1.11a)
))) (/usr/local/texlive/2025/texmf-dist/tex/generic/pgf/modules/pgfmoduleshapes.code.tex
File: pgfmoduleshapes.code.tex 2025-08-29 v3.1.11a (3.1.11a)
\pgfnodeparttextbox=\box63
) (/usr/local/texlive/2025/texmf-dist/tex/generic/pgf/modules/pgfmoduleplot.code.tex
File: pgfmoduleplot.code.tex 2025-08-29 v3.1.11a (3.1.11a)
) (/usr/local/texlive/2025/texmf-dist/tex/latex/pgf/compatibility/pgfcomp-version-0-65.sty
Package: pgfcomp-version-0-65 2025-08-29 v3.1.11a (3.1.11a)
\pgf@nodesepstart=\dimen190
\pgf@nodesepend=\dimen191
) (/usr/local/texlive/2025/texmf-dist/tex/latex/pgf/compatibility/pgfcomp-version-1-18.sty
Package: pgfcomp-version-1-18 2025-08-29 v3.1.11a (3.1.11a)
)) (/usr/local/texlive/2025/texmf-dist/tex/latex/pgf/utilities/pgffor.sty (/usr/local/texlive/2025/texmf-dist/tex/latex/pgf/utilities/pgfkeys.sty (/usr/local/texlive/2025/texmf-dist/tex/generic/pgf/utilities/pgfkeys.code.tex)) (/usr/local/texlive/2025/texmf-dist/tex/latex/pgf/math/pgfmath.sty (/usr/local/texlive/2025/texmf-dist/tex/generic/pgf/math/pgfmath.code.tex)) (/usr/local/texlive/2025/texmf-dist/tex/generic/pgf/utilities/pgffor.code.tex
Package: pgffor 2025-08-29 v3.1.11a (3.1.11a)
\pgffor@iter=\dimen192
\pgffor@skip=\dimen193
\pgffor@stack=\toks29
\pgffor@toks=\toks30
)) (/usr/local/texlive/2025/texmf-dist/tex/generic/pgf/frontendlayer/tikz/tikz.code.tex
Package: tikz 2025-08-29 v3.1.11a (3.1.11a)
 (/usr/local/texlive/2025/texmf-dist/tex/generic/pgf/libraries/pgflibraryplothandlers.code.tex
File: pgflibraryplothandlers.code.tex 2025-08-29 v3.1.11a (3.1.11a)
\pgf@plot@mark@count=\count299
\pgfplotmarksize=\dimen194
)
\tikz@lastx=\dimen195
\tikz@lasty=\dimen196
\tikz@lastxsaved=\dimen197
\tikz@lastysaved=\dimen198
\tikz@lastmovetox=\dimen199
\tikz@lastmovetoy=\dimen256
\tikzleveldistance=\dimen257
\tikzsiblingdistance=\dimen258
\tikz@figbox=\box64
\tikz@figbox@bg=\box65
\tikz@tempbox=\box66
\tikz@tempbox@bg=\box67
\tikztreelevel=\count300
\tikznumberofchildren=\count301
\tikznumberofcurrentchild=\count302
\tikz@fig@count=\count303
 (/usr/local/texlive/2025/texmf-dist/tex/generic/pgf/modules/pgfmodulematrix.code.tex
File: pgfmodulematrix.code.tex 2025-08-29 v3.1.11a (3.1.11a)
\pgfmatrixcurrentrow=\count304
\pgfmatrixcurrentcolumn=\count305
\pgf@matrix@numberofcolumns=\count306
)
\tikz@expandcount=\count307
 (/usr/local/texlive/2025/texmf-dist/tex/generic/pgf/frontendlayer/tikz/libraries/tikzlibrarytopaths.code.tex
File: tikzlibrarytopaths.code.tex 2025-08-29 v3.1.11a (3.1.11a)
))) (/usr/local/texlive/2025/texmf-dist/tex/latex/base/ifthen.sty
Package: ifthen 2024/03/16 v1.1e Standard LaTeX ifthen package (DPC)
) (/usr/local/texlive/2025/texmf-dist/tex/latex/base/fontenc.sty
Package: fontenc 2024/12/21 v2.1c Standard LaTeX package
)
\baposter@movebody=\skip74
\baposter@basemarginright=\skip75
\baposter@basemarginleft=\skip76
 (/usr/local/texlive/2025/texmf-dist/tex/latex/geometry/geometry.sty
Package: geometry 2020/01/02 v5.9 Page Geometry
 (/usr/local/texlive/2025/texmf-dist/tex/generic/iftex/ifvtex.sty
Package: ifvtex 2019/10/25 v1.7 ifvtex legacy package. Use iftex instead.
 (/usr/local/texlive/2025/texmf-dist/tex/generic/iftex/iftex.sty
Package: iftex 2024/12/12 v1.0g TeX engine tests
))
\Gm@cnth=\count308
\Gm@cntv=\count309
\c@Gm@tempcnt=\count310
\Gm@bindingoffset=\dimen259
\Gm@wd@mp=\dimen260
\Gm@odd@mp=\dimen261
\Gm@even@mp=\dimen262
\Gm@layoutwidth=\dimen263
\Gm@layoutheight=\dimen264
\Gm@layouthoffset=\dimen265
\Gm@layoutvoffset=\dimen266
\Gm@dimlist=\toks31
) (/usr/local/texlive/2025/texmf-dist/tex/latex/pgf/utilities/pgfpages.sty
Package: pgfpages 2011/01/05 ver 0.02
\pgf@logicalpages=\count311
\pgf@firstshipout=\count312
\pgf@lastshipout=\count313
\pgf@currentshipout=\count314
\pgf@cpn=\count315
\pgf@shipoutnextto=\count316
\pgfphysicalheight=\dimen267
\pgfphysicalwidth=\dimen268
\pgfpages@shipoutbox=\box68
)
\pgfpages@box@1=\box69
) (/usr/local/texlive/2025/texmf-dist/tex/latex/wrapfig/wrapfig.sty
\wrapoverhang=\dimen269
\WF@size=\dimen270
\c@WF@wrappedlines=\count317
\WF@box=\box70
\WF@everypar=\toks32
Package: wrapfig 2003/01/31  v 3.6
) (/usr/local/texlive/2025/texmf-dist/tex/latex/lm/lmodern.sty
Package: lmodern 2015/05/01 v1.6.1 Latin Modern Fonts
LaTeX Font Info:    Overwriting symbol font `operators' in version `normal'
(Font)                  OT1/cmr/m/n --> OT1/lmr/m/n on input line 22.
LaTeX Font Info:    Overwriting symbol font `letters' in version `normal'
(Font)                  OML/cmm/m/it --> OML/lmm/m/it on input line 23.
LaTeX Font Info:    Overwriting symbol font `symbols' in version `normal'
(Font)                  OMS/cmsy/m/n --> OMS/lmsy/m/n on input line 24.
LaTeX Font Info:    Overwriting symbol font `largesymbols' in version `normal'
(Font)                  OMX/cmex/m/n --> OMX/lmex/m/n on input line 25.
LaTeX Font Info:    Overwriting symbol font `operators' in version `bold'
(Font)                  OT1/cmr/bx/n --> OT1/lmr/bx/n on input line 26.
LaTeX Font Info:    Overwriting symbol font `letters' in version `bold'
(Font)                  OML/cmm/b/it --> OML/lmm/b/it on input line 27.
LaTeX Font Info:    Overwriting symbol font `symbols' in version `bold'
(Font)                  OMS/cmsy/b/n --> OMS/lmsy/b/n on input line 28.
LaTeX Font Info:    Overwriting symbol font `largesymbols' in version `bold'
(Font)                  OMX/cmex/m/n --> OMX/lmex/m/n on input line 29.
LaTeX Font Info:    Overwriting math alphabet `\mathbf' in version `normal'
(Font)                  OT1/cmr/bx/n --> OT1/lmr/bx/n on input line 31.
LaTeX Font Info:    Overwriting math alphabet `\mathsf' in version `normal'
(Font)                  OT1/cmss/m/n --> OT1/lmss/m/n on input line 32.
LaTeX Font Info:    Overwriting math alphabet `\mathit' in version `normal'
(Font)                  OT1/cmr/m/it --> OT1/lmr/m/it on input line 33.
LaTeX Font Info:    Overwriting math alphabet `\mathtt' in version `normal'
(Font)                  OT1/cmtt/m/n --> OT1/lmtt/m/n on input line 34.
LaTeX Font Info:    Overwriting math alphabet `\mathbf' in version `bold'
(Font)                  OT1/cmr/bx/n --> OT1/lmr/bx/n on input line 35.
LaTeX Font Info:    Overwriting math alphabet `\mathsf' in version `bold'
(Font)                  OT1/cmss/bx/n --> OT1/lmss/bx/n on input line 36.
LaTeX Font Info:    Overwriting math alphabet `\mathit' in version `bold'
(Font)                  OT1/cmr/bx/it --> OT1/lmr/bx/it on input line 37.
LaTeX Font Info:    Overwriting math alphabet `\mathtt' in version `bold'
(Font)                  OT1/cmtt/m/n --> OT1/lmtt/m/n on input line 38.
) (/usr/local/texlive/2025/texmf-dist/tex/latex/lipsum/lipsum.sty (/usr/local/texlive/2025/texmf-dist/tex/latex/l3packages/l3keys2e/l3keys2e.sty (/usr/local/texlive/2025/texmf-dist/tex/latex/l3kernel/expl3.sty
Package: expl3 2025-08-13 L3 programming layer (loader) 
 (/usr/local/texlive/2025/texmf-dist/tex/latex/l3backend/l3backend-pdftex.def
File: l3backend-pdftex.def 2025-06-09 L3 backend support: PDF output (pdfTeX)
\l__color_backend_stack_int=\count318
))
Package: l3keys2e 2024-08-16 LaTeX2e option processing using LaTeX3 keys
)
Package: lipsum 2021-09-20 v2.7 150 paragraphs of Lorem Ipsum dummy text
\g__lipsum_par_int=\count319
\l__lipsum_a_int=\count320
\l__lipsum_b_int=\count321
 (/usr/local/texlive/2025/texmf-dist/tex/latex/lipsum/lipsum.ltd.tex)) (/usr/local/texlive/2025/texmf-dist/tex/latex/base/inputenc.sty
Package: inputenc 2024/02/08 v1.3d Input encoding file
\inpenc@prehook=\toks33
\inpenc@posthook=\toks34
) (/usr/local/texlive/2025/texmf-dist/tex/latex/base/fontenc.sty
Package: fontenc 2024/12/21 v2.1c Standard LaTeX package
LaTeX Font Info:    Trying to load font information for T1+lmr on input line 116.
 (/usr/local/texlive/2025/texmf-dist/tex/latex/lm/t1lmr.fd
File: t1lmr.fd 2015/05/01 v1.6.1 Font defs for Latin Modern
)) (/usr/local/texlive/2025/texmf-dist/tex/latex/amsmath/amsmath.sty
Package: amsmath 2025/06/16 v2.17y AMS math features
\@mathmargin=\skip77

For additional information on amsmath, use the `?' option.
(/usr/local/texlive/2025/texmf-dist/tex/latex/amsmath/amstext.sty
Package: amstext 2024/11/17 v2.01 AMS text
 (/usr/local/texlive/2025/texmf-dist/tex/latex/amsmath/amsgen.sty
File: amsgen.sty 1999/11/30 v2.0 generic functions
\@emptytoks=\toks35
\ex@=\dimen271
)) (/usr/local/texlive/2025/texmf-dist/tex/latex/amsmath/amsbsy.sty
Package: amsbsy 1999/11/29 v1.2d Bold Symbols
\pmbraise@=\dimen272
) (/usr/local/texlive/2025/texmf-dist/tex/latex/amsmath/amsopn.sty
Package: amsopn 2022/04/08 v2.04 operator names
)
\inf@bad=\count322
LaTeX Info: Redefining \frac on input line 233.
\uproot@=\count323
\leftroot@=\count324
LaTeX Info: Redefining \overline on input line 398.
LaTeX Info: Redefining \colon on input line 409.
\classnum@=\count325
\DOTSCASE@=\count326
LaTeX Info: Redefining \ldots on input line 495.
LaTeX Info: Redefining \dots on input line 498.
LaTeX Info: Redefining \cdots on input line 619.
\Mathstrutbox@=\box71
\strutbox@=\box72
LaTeX Info: Redefining \big on input line 721.
LaTeX Info: Redefining \Big on input line 722.
LaTeX Info: Redefining \bigg on input line 723.
LaTeX Info: Redefining \Bigg on input line 724.
\big@size=\dimen273
LaTeX Font Info:    Redeclaring font encoding OML on input line 742.
LaTeX Font Info:    Redeclaring font encoding OMS on input line 743.
\macc@depth=\count327
LaTeX Info: Redefining \bmod on input line 904.
LaTeX Info: Redefining \pmod on input line 909.
LaTeX Info: Redefining \smash on input line 939.
LaTeX Info: Redefining \relbar on input line 969.
LaTeX Info: Redefining \Relbar on input line 970.
\c@MaxMatrixCols=\count328
\dotsspace@=\muskip17
\c@parentequation=\count329
\dspbrk@lvl=\count330
\tag@help=\toks36
\row@=\count331
\column@=\count332
\maxfields@=\count333
\andhelp@=\toks37
\eqnshift@=\dimen274
\alignsep@=\dimen275
\tagshift@=\dimen276
\tagwidth@=\dimen277
\totwidth@=\dimen278
\lineht@=\dimen279
\@envbody=\toks38
\multlinegap=\skip78
\multlinetaggap=\skip79
\mathdisplay@stack=\toks39
LaTeX Info: Redefining \[ on input line 2949.
LaTeX Info: Redefining \] on input line 2950.
) (/usr/local/texlive/2025/texmf-dist/tex/latex/amsfonts/amssymb.sty
Package: amssymb 2013/01/14 v3.01 AMS font symbols
 (/usr/local/texlive/2025/texmf-dist/tex/latex/amsfonts/amsfonts.sty
Package: amsfonts 2013/01/14 v3.01 Basic AMSFonts support
\symAMSa=\mathgroup4
\symAMSb=\mathgroup5
LaTeX Font Info:    Redeclaring math symbol \hbar on input line 98.
LaTeX Font Info:    Overwriting math alphabet `\mathfrak' in version `bold'
(Font)                  U/euf/m/n --> U/euf/b/n on input line 106.
)) (/usr/local/texlive/2025/texmf-dist/tex/latex/booktabs/booktabs.sty
Package: booktabs 2020/01/12 v1.61803398 Publication quality tables
\heavyrulewidth=\dimen280
\lightrulewidth=\dimen281
\cmidrulewidth=\dimen282
\belowrulesep=\dimen283
\belowbottomsep=\dimen284
\aboverulesep=\dimen285
\abovetopsep=\dimen286
\cmidrulesep=\dimen287
\cmidrulekern=\dimen288
\defaultaddspace=\dimen289
\@cmidla=\count334
\@cmidlb=\count335
\@aboverulesep=\dimen290
\@belowrulesep=\dimen291
\@thisruleclass=\count336
\@lastruleclass=\count337
\@thisrulewidth=\dimen292
) (/usr/local/texlive/2025/texmf-dist/tex/latex/caption/caption.sty
Package: caption 2023/08/05 v3.6o Customizing captions (AR)
 (/usr/local/texlive/2025/texmf-dist/tex/latex/caption/caption3.sty
Package: caption3 2023/07/31 v2.4d caption3 kernel (AR)
\caption@tempdima=\dimen293
\captionmargin=\dimen294
\caption@leftmargin=\dimen295
\caption@rightmargin=\dimen296
\caption@width=\dimen297
\caption@indent=\dimen298
\caption@parindent=\dimen299
\caption@hangindent=\dimen300
Package caption Info: Standard document class detected.
)
\c@caption@flags=\count338
\c@continuedfloat=\count339
Package caption Info: wrapfig package is loaded.
) (/usr/local/texlive/2025/texmf-dist/tex/latex/psnfss/pifont.sty
Package: pifont 2020/03/25 PSNFSS-v9.3 Pi font support (SPQR) 
LaTeX Font Info:    Trying to load font information for U+pzd on input line 63.
 (/usr/local/texlive/2025/texmf-dist/tex/latex/psnfss/upzd.fd
File: upzd.fd 2001/06/04 font definitions for U/pzd.
)
LaTeX Font Info:    Trying to load font information for U+psy on input line 64.
 (/usr/local/texlive/2025/texmf-dist/tex/latex/psnfss/upsy.fd
File: upsy.fd 2001/06/04 font definitions for U/psy.
))
\c@assumption=\count340
\c@remark=\count341
\c@thm=\count342
\c@cor=\count343
\c@proposition=\count344
\c@definition=\count345


LaTeX Warning: Unused global option(s):
    [fontscale=.32].

(./main.aux)
\openout1 = `main.aux'.

LaTeX Font Info:    Checking defaults for OML/cmm/m/it on input line 215.
LaTeX Font Info:    ... okay on input line 215.
LaTeX Font Info:    Checking defaults for OMS/cmsy/m/n on input line 215.
LaTeX Font Info:    ... okay on input line 215.
LaTeX Font Info:    Checking defaults for OT1/cmr/m/n on input line 215.
LaTeX Font Info:    ... okay on input line 215.
LaTeX Font Info:    Checking defaults for T1/cmr/m/n on input line 215.
LaTeX Font Info:    ... okay on input line 215.
LaTeX Font Info:    Checking defaults for TS1/cmr/m/n on input line 215.
LaTeX Font Info:    ... okay on input line 215.
LaTeX Font Info:    Checking defaults for OMX/cmex/m/n on input line 215.
LaTeX Font Info:    ... okay on input line 215.
LaTeX Font Info:    Checking defaults for U/cmr/m/n on input line 215.
LaTeX Font Info:    ... okay on input line 215.
 (/usr/local/texlive/2025/texmf-dist/tex/context/base/mkii/supp-pdf.mkii
[Loading MPS to PDF converter (version 2006.09.02).]
\scratchcounter=\count346
\scratchdimen=\dimen301
\scratchbox=\box73
\nofMPsegments=\count347
\nofMParguments=\count348
\everyMPshowfont=\toks40
\MPscratchCnt=\count349
\MPscratchDim=\dimen302
\MPnumerator=\count350
\makeMPintoPDFobject=\count351
\everyMPtoPDFconversion=\toks41
) (/usr/local/texlive/2025/texmf-dist/tex/latex/epstopdf-pkg/epstopdf-base.sty
Package: epstopdf-base 2020-01-24 v2.11 Base part for package epstopdf
Package epstopdf-base Info: Redefining graphics rule for `.eps' on input line 485.
 (/usr/local/texlive/2025/texmf-dist/tex/latex/latexconfig/epstopdf-sys.cfg
File: epstopdf-sys.cfg 2010/07/13 v1.3 Configuration of (r)epstopdf for TeX Live
))
*geometry* driver: auto-detecting
*geometry* detected driver: pdftex
*geometry* verbose mode - [ preamble ] result:
* driver: pdftex
* paper: custom
* layout: <same size as paper>
* layoutoffset:(h,v)=(0.0pt,0.0pt)
* modes: 
* h-part:(L,W,R)=(13.65762pt, 738.42284pt, 13.65762pt)
* v-part:(T,H,B)=(13.65762pt, 1055.27998pt, 13.65762pt)
* \paperwidth=765.73808pt
* \paperheight=1082.59523pt
* \textwidth=738.42284pt
* \textheight=1055.27998pt
* \oddsidemargin=-58.61237pt
* \evensidemargin=-58.61237pt
* \topmargin=-95.61237pt
* \headheight=12.0pt
* \headsep=25.0pt
* \topskip=10.0pt
* \footskip=30.0pt
* \marginparwidth=65.0pt
* \marginparsep=11.0pt
* \columnsep=10.0pt
* \skip\footins=9.0pt plus 4.0pt minus 2.0pt
* \hoffset=0.0pt
* \voffset=0.0pt
* \mag=1000
* \@twocolumnfalse
* \@twosidefalse
* \@mparswitchfalse
* \@reversemarginfalse
* (1in=72.27pt=25.4mm, 1cm=28.453pt)

Package caption Info: Begin \AtBeginDocument code.
Package caption Info: End \AtBeginDocument code.
<figs/DxO_Labs_logo.png, id=7, 1204.5pt x 451.6875pt>
File: figs/DxO_Labs_logo.png Graphic file (type png)
<use figs/DxO_Labs_logo.png>
Package pdftex.def Info: figs/DxO_Labs_logo.png  used on input line 265.
(pdftex.def)             Requested size: 157.52783pt x 59.07516pt.
<figs/logo_telecom_paris_ipp.png, id=9, 306.14375pt x 480.79625pt>
File: figs/logo_telecom_paris_ipp.png Graphic file (type png)
<use figs/logo_telecom_paris_ipp.png>
Package pdftex.def Info: figs/logo_telecom_paris_ipp.png  used on input line 265.
(pdftex.def)             Requested size: 61.1249pt x 95.99857pt.
LaTeX Font Info:    Trying to load font information for T1+lmss on input line 265.
(/usr/local/texlive/2025/texmf-dist/tex/latex/lm/t1lmss.fd
File: t1lmss.fd 2015/05/01 v1.6.1 Font defs for Latin Modern
)
LaTeX Font Info:    Trying to load font information for OT1+lmr on input line 265.
 (/usr/local/texlive/2025/texmf-dist/tex/latex/lm/ot1lmr.fd
File: ot1lmr.fd 2015/05/01 v1.6.1 Font defs for Latin Modern
)
LaTeX Font Info:    Trying to load font information for OML+lmm on input line 265.
 (/usr/local/texlive/2025/texmf-dist/tex/latex/lm/omllmm.fd
File: omllmm.fd 2015/05/01 v1.6.1 Font defs for Latin Modern
)
LaTeX Font Info:    Trying to load font information for OMS+lmsy on input line 265.
 (/usr/local/texlive/2025/texmf-dist/tex/latex/lm/omslmsy.fd
File: omslmsy.fd 2015/05/01 v1.6.1 Font defs for Latin Modern
)
LaTeX Font Info:    Trying to load font information for OMX+lmex on input line 265.
 (/usr/local/texlive/2025/texmf-dist/tex/latex/lm/omxlmex.fd
File: omxlmex.fd 2015/05/01 v1.6.1 Font defs for Latin Modern
)
LaTeX Font Info:    External font `lmex10' loaded for size
(Font)              <14.4> on input line 265.
LaTeX Font Info:    External font `lmex10' loaded for size
(Font)              <10> on input line 265.
LaTeX Font Info:    External font `lmex10' loaded for size
(Font)              <7> on input line 265.
LaTeX Font Info:    Trying to load font information for U+msa on input line 265.
 (/usr/local/texlive/2025/texmf-dist/tex/latex/amsfonts/umsa.fd
File: umsa.fd 2013/01/14 v3.01 AMS symbols A
)
LaTeX Font Info:    Trying to load font information for U+msb on input line 265.
 (/usr/local/texlive/2025/texmf-dist/tex/latex/amsfonts/umsb.fd
File: umsb.fd 2013/01/14 v3.01 AMS symbols B
)
LaTeX Font Info:    External font `lmex10' loaded for size
(Font)              <9> on input line 265.
LaTeX Font Info:    External font `lmex10' loaded for size
(Font)              <6> on input line 265.
LaTeX Font Info:    External font `lmex10' loaded for size
(Font)              <5> on input line 265.

Underfull \hbox (badness 10000) in paragraph at lines 265--265

 []


Underfull \hbox (badness 10000) in paragraph at lines 294--294

 []


Underfull \hbox (badness 10000) in paragraph at lines 294--294

 []


Underfull \hbox (badness 1590) in paragraph at lines 294--294
[]$\OMS/lmsy/m/n/10 ^^O$ \T1/lmr/m/n/10 Need for ex-plicit \T1/lmr/bx/n/10 con-trol over restora-tion
 []


Underfull \hbox (badness 10000) in paragraph at lines 294--294

 []

Missing character: There is no ; in font nullfont!
Missing character: There is no ; in font nullfont!
Missing character: There is no ; in font nullfont!

Underfull \hbox (badness 2088) in paragraph at lines 328--328
[]$\OMS/lmsy/m/n/10 ^^O$ \T1/lmr/bx/n/10 For-ward pro-cess: \T1/lmr/m/n/10 de-fine a noise sched-ule
 []


Underfull \hbox (badness 10000) in paragraph at lines 328--328

 []

Missing character: There is no ; in font nullfont!
Missing character: There is no ; in font nullfont!
Missing character: There is no ; in font nullfont!
<figs/cldm_train-Page-1.drawio.pdf, id=10, 399.41219pt x 144.54pt>
File: figs/cldm_train-Page-1.drawio.pdf Graphic file (type pdf)
<use figs/cldm_train-Page-1.drawio.pdf>
Package pdftex.def Info: figs/cldm_train-Page-1.drawio.pdf  used on input line 381.
(pdftex.def)             Requested size: 215.52208pt x 77.99307pt.
<figs/ldm_train-Page-1.drawio.pdf, id=11, 403.5075pt x 123.5817pt>
File: figs/ldm_train-Page-1.drawio.pdf Graphic file (type pdf)
<use figs/ldm_train-Page-1.drawio.pdf>
Package pdftex.def Info: figs/ldm_train-Page-1.drawio.pdf  used on input line 381.
(pdftex.def)             Requested size: 258.62503pt x 79.20891pt.
<figs/ldm_sample-Page-2.drawio.pdf, id=12, 448.5558pt x 165.7392pt>
File: figs/ldm_sample-Page-2.drawio.pdf Graphic file (type pdf)
<use figs/ldm_sample-Page-2.drawio.pdf>
Package pdftex.def Info: figs/ldm_sample-Page-2.drawio.pdf  used on input line 381.
(pdftex.def)             Requested size: 253.83826pt x 93.792pt.
<figs/BxU_diagram.drawio.pdf, id=13, 411.45718pt x 271.97609pt>
File: figs/BxU_diagram.drawio.pdf Graphic file (type pdf)
<use figs/BxU_diagram.drawio.pdf>
Package pdftex.def Info: figs/BxU_diagram.drawio.pdf  used on input line 381.
(pdftex.def)             Requested size: 198.2832pt x 131.06578pt.
Missing character: There is no ; in font nullfont!
Missing character: There is no ; in font nullfont!
Missing character: There is no ; in font nullfont!
<figs/synth/img_001_crop000_sigma7.00_lq_boxed.png, id=14, 513.92pt x 513.92pt>
File: figs/synth/img_001_crop000_sigma7.00_lq_boxed.png Graphic file (type png)
<use figs/synth/img_001_crop000_sigma7.00_lq_boxed.png>
Package pdftex.def Info: figs/synth/img_001_crop000_sigma7.00_lq_boxed.png  used on input line 454.
(pdftex.def)             Requested size: 71.83826pt x 71.83852pt.
<figs/synth/img_001_crop000_sigma7.00_diffbir_boxed.png, id=15, 513.92pt x 513.92pt>
File: figs/synth/img_001_crop000_sigma7.00_diffbir_boxed.png Graphic file (type png)
<use figs/synth/img_001_crop000_sigma7.00_diffbir_boxed.png>
Package pdftex.def Info: figs/synth/img_001_crop000_sigma7.00_diffbir_boxed.png  used on input line 454.
(pdftex.def)             Requested size: 71.83826pt x 71.83852pt.
<figs/synth/img_001_crop000_sigma7.00_pasd_boxed.png, id=16, 513.92pt x 513.92pt>
File: figs/synth/img_001_crop000_sigma7.00_pasd_boxed.png Graphic file (type png)
<use figs/synth/img_001_crop000_sigma7.00_pasd_boxed.png>
Package pdftex.def Info: figs/synth/img_001_crop000_sigma7.00_pasd_boxed.png  used on input line 454.
(pdftex.def)             Requested size: 71.83826pt x 71.83852pt.
<figs/synth/img_001_crop000_sigma7.00_seesr_boxed.png, id=17, 513.92pt x 513.92pt>
File: figs/synth/img_001_crop000_sigma7.00_seesr_boxed.png Graphic file (type png)
<use figs/synth/img_001_crop000_sigma7.00_seesr_boxed.png>
Package pdftex.def Info: figs/synth/img_001_crop000_sigma7.00_seesr_boxed.png  used on input line 454.
(pdftex.def)             Requested size: 71.83826pt x 71.83852pt.
<figs/synth/img_001_crop000_sigma7.00_resshift_boxed.png, id=18, 513.92pt x 513.92pt>
File: figs/synth/img_001_crop000_sigma7.00_resshift_boxed.png Graphic file (type png)
<use figs/synth/img_001_crop000_sigma7.00_resshift_boxed.png>
Package pdftex.def Info: figs/synth/img_001_crop000_sigma7.00_resshift_boxed.png  used on input line 454.
(pdftex.def)             Requested size: 71.83826pt x 71.83852pt.
<figs/synth/img_001_crop000_sigma7.00_s1.0_bxu7.00_cldm_boxed.png, id=19, 513.92pt x 513.92pt>
File: figs/synth/img_001_crop000_sigma7.00_s1.0_bxu7.00_cldm_boxed.png Graphic file (type png)
<use figs/synth/img_001_crop000_sigma7.00_s1.0_bxu7.00_cldm_boxed.png>
Package pdftex.def Info: figs/synth/img_001_crop000_sigma7.00_s1.0_bxu7.00_cldm_boxed.png  used on input line 454.
(pdftex.def)             Requested size: 71.83826pt x 71.83852pt.
<figs/synth/img_001_crop000_sigma7.00_s1.0_bxu7.00_ldm_boxed.png, id=20, 513.92pt x 513.92pt>
File: figs/synth/img_001_crop000_sigma7.00_s1.0_bxu7.00_ldm_boxed.png Graphic file (type png)
<use figs/synth/img_001_crop000_sigma7.00_s1.0_bxu7.00_ldm_boxed.png>
Package pdftex.def Info: figs/synth/img_001_crop000_sigma7.00_s1.0_bxu7.00_ldm_boxed.png  used on input line 454.
(pdftex.def)             Requested size: 71.83826pt x 71.83852pt.
<figs/synth/img_001_crop000_hq_boxed.png, id=21, 513.92pt x 513.92pt>
File: figs/synth/img_001_crop000_hq_boxed.png Graphic file (type png)
<use figs/synth/img_001_crop000_hq_boxed.png>
Package pdftex.def Info: figs/synth/img_001_crop000_hq_boxed.png  used on input line 454.
(pdftex.def)             Requested size: 71.83826pt x 71.83852pt.
<figs/synth/img_001_crop000_sigma7.00_lq_crop.png, id=22, 128.48pt x 128.48pt>
File: figs/synth/img_001_crop000_sigma7.00_lq_crop.png Graphic file (type png)
<use figs/synth/img_001_crop000_sigma7.00_lq_crop.png>
Package pdftex.def Info: figs/synth/img_001_crop000_sigma7.00_lq_crop.png  used on input line 454.
(pdftex.def)             Requested size: 71.83826pt x 71.83852pt.
<figs/synth/img_001_crop000_sigma7.00_diffbir_crop.png, id=23, 128.48pt x 128.48pt>
File: figs/synth/img_001_crop000_sigma7.00_diffbir_crop.png Graphic file (type png)
<use figs/synth/img_001_crop000_sigma7.00_diffbir_crop.png>
Package pdftex.def Info: figs/synth/img_001_crop000_sigma7.00_diffbir_crop.png  used on input line 454.
(pdftex.def)             Requested size: 71.83826pt x 71.83852pt.
<figs/synth/img_001_crop000_sigma7.00_pasd_crop.png, id=24, 128.48pt x 128.48pt>
File: figs/synth/img_001_crop000_sigma7.00_pasd_crop.png Graphic file (type png)
<use figs/synth/img_001_crop000_sigma7.00_pasd_crop.png>
Package pdftex.def Info: figs/synth/img_001_crop000_sigma7.00_pasd_crop.png  used on input line 454.
(pdftex.def)             Requested size: 71.83826pt x 71.83852pt.
<figs/synth/img_001_crop000_sigma7.00_seesr_crop.png, id=25, 128.48pt x 128.48pt>
File: figs/synth/img_001_crop000_sigma7.00_seesr_crop.png Graphic file (type png)
<use figs/synth/img_001_crop000_sigma7.00_seesr_crop.png>
Package pdftex.def Info: figs/synth/img_001_crop000_sigma7.00_seesr_crop.png  used on input line 454.
(pdftex.def)             Requested size: 71.83826pt x 71.83852pt.
<figs/synth/img_001_crop000_sigma7.00_resshift_crop.png, id=26, 128.48pt x 128.48pt>
File: figs/synth/img_001_crop000_sigma7.00_resshift_crop.png Graphic file (type png)
<use figs/synth/img_001_crop000_sigma7.00_resshift_crop.png>
Package pdftex.def Info: figs/synth/img_001_crop000_sigma7.00_resshift_crop.png  used on input line 454.
(pdftex.def)             Requested size: 71.83826pt x 71.83852pt.
<figs/synth/img_001_crop000_sigma7.00_s1.0_bxu7.00_cldm_crop.png, id=27, 128.48pt x 128.48pt>
File: figs/synth/img_001_crop000_sigma7.00_s1.0_bxu7.00_cldm_crop.png Graphic file (type png)
<use figs/synth/img_001_crop000_sigma7.00_s1.0_bxu7.00_cldm_crop.png>
Package pdftex.def Info: figs/synth/img_001_crop000_sigma7.00_s1.0_bxu7.00_cldm_crop.png  used on input line 454.
(pdftex.def)             Requested size: 71.83826pt x 71.83852pt.
<figs/synth/img_001_crop000_sigma7.00_s1.0_bxu7.00_ldm_crop.png, id=28, 128.48pt x 128.48pt>
File: figs/synth/img_001_crop000_sigma7.00_s1.0_bxu7.00_ldm_crop.png Graphic file (type png)
<use figs/synth/img_001_crop000_sigma7.00_s1.0_bxu7.00_ldm_crop.png>
Package pdftex.def Info: figs/synth/img_001_crop000_sigma7.00_s1.0_bxu7.00_ldm_crop.png  used on input line 454.
(pdftex.def)             Requested size: 71.83826pt x 71.83852pt.
<figs/synth/img_001_crop000_hq_crop.png, id=29, 128.48pt x 128.48pt>
File: figs/synth/img_001_crop000_hq_crop.png Graphic file (type png)
<use figs/synth/img_001_crop000_hq_crop.png>
Package pdftex.def Info: figs/synth/img_001_crop000_hq_crop.png  used on input line 454.
(pdftex.def)             Requested size: 71.83826pt x 71.83852pt.
<figs/synth/img_005_crop001_sigma4.63_lq_boxed.png, id=30, 513.92pt x 513.92pt>
File: figs/synth/img_005_crop001_sigma4.63_lq_boxed.png Graphic file (type png)
<use figs/synth/img_005_crop001_sigma4.63_lq_boxed.png>
Package pdftex.def Info: figs/synth/img_005_crop001_sigma4.63_lq_boxed.png  used on input line 454.
(pdftex.def)             Requested size: 71.83826pt x 71.83852pt.
<figs/synth/img_005_crop001_sigma4.63_diffbir_boxed.png, id=31, 513.92pt x 513.92pt>
File: figs/synth/img_005_crop001_sigma4.63_diffbir_boxed.png Graphic file (type png)
<use figs/synth/img_005_crop001_sigma4.63_diffbir_boxed.png>
Package pdftex.def Info: figs/synth/img_005_crop001_sigma4.63_diffbir_boxed.png  used on input line 454.
(pdftex.def)             Requested size: 71.83826pt x 71.83852pt.
<figs/synth/img_005_crop001_sigma4.63_pasd_boxed.png, id=32, 513.92pt x 513.92pt>
File: figs/synth/img_005_crop001_sigma4.63_pasd_boxed.png Graphic file (type png)
<use figs/synth/img_005_crop001_sigma4.63_pasd_boxed.png>
Package pdftex.def Info: figs/synth/img_005_crop001_sigma4.63_pasd_boxed.png  used on input line 454.
(pdftex.def)             Requested size: 71.83826pt x 71.83852pt.
<figs/synth/img_005_crop001_sigma4.63_seesr_boxed.png, id=33, 513.92pt x 513.92pt>
File: figs/synth/img_005_crop001_sigma4.63_seesr_boxed.png Graphic file (type png)
<use figs/synth/img_005_crop001_sigma4.63_seesr_boxed.png>
Package pdftex.def Info: figs/synth/img_005_crop001_sigma4.63_seesr_boxed.png  used on input line 454.
(pdftex.def)             Requested size: 71.83826pt x 71.83852pt.
<figs/synth/img_005_crop001_sigma4.63_resshift_boxed.png, id=34, 513.92pt x 513.92pt>
File: figs/synth/img_005_crop001_sigma4.63_resshift_boxed.png Graphic file (type png)
<use figs/synth/img_005_crop001_sigma4.63_resshift_boxed.png>
Package pdftex.def Info: figs/synth/img_005_crop001_sigma4.63_resshift_boxed.png  used on input line 454.
(pdftex.def)             Requested size: 71.83826pt x 71.83852pt.
<figs/synth/img_005_crop001_sigma4.63_s1.0_bxu4.63_cldm_boxed.png, id=35, 513.92pt x 513.92pt>
File: figs/synth/img_005_crop001_sigma4.63_s1.0_bxu4.63_cldm_boxed.png Graphic file (type png)
<use figs/synth/img_005_crop001_sigma4.63_s1.0_bxu4.63_cldm_boxed.png>
Package pdftex.def Info: figs/synth/img_005_crop001_sigma4.63_s1.0_bxu4.63_cldm_boxed.png  used on input line 454.
(pdftex.def)             Requested size: 71.83826pt x 71.83852pt.
<figs/synth/img_005_crop001_sigma4.63_s1.0_bxu4.63_ldm_boxed.png, id=36, 513.92pt x 513.92pt>
File: figs/synth/img_005_crop001_sigma4.63_s1.0_bxu4.63_ldm_boxed.png Graphic file (type png)
<use figs/synth/img_005_crop001_sigma4.63_s1.0_bxu4.63_ldm_boxed.png>
Package pdftex.def Info: figs/synth/img_005_crop001_sigma4.63_s1.0_bxu4.63_ldm_boxed.png  used on input line 454.
(pdftex.def)             Requested size: 71.83826pt x 71.83852pt.
<figs/synth/img_005_crop001_hq_boxed.png, id=37, 513.92pt x 513.92pt>
File: figs/synth/img_005_crop001_hq_boxed.png Graphic file (type png)
<use figs/synth/img_005_crop001_hq_boxed.png>
Package pdftex.def Info: figs/synth/img_005_crop001_hq_boxed.png  used on input line 454.
(pdftex.def)             Requested size: 71.83826pt x 71.83852pt.
<figs/synth/img_005_crop001_sigma4.63_lq_crop.png, id=38, 128.48pt x 128.48pt>
File: figs/synth/img_005_crop001_sigma4.63_lq_crop.png Graphic file (type png)
<use figs/synth/img_005_crop001_sigma4.63_lq_crop.png>
Package pdftex.def Info: figs/synth/img_005_crop001_sigma4.63_lq_crop.png  used on input line 454.
(pdftex.def)             Requested size: 71.83826pt x 71.83852pt.
<figs/synth/img_005_crop001_sigma4.63_diffbir_crop.png, id=39, 128.48pt x 128.48pt>
File: figs/synth/img_005_crop001_sigma4.63_diffbir_crop.png Graphic file (type png)
<use figs/synth/img_005_crop001_sigma4.63_diffbir_crop.png>
Package pdftex.def Info: figs/synth/img_005_crop001_sigma4.63_diffbir_crop.png  used on input line 454.
(pdftex.def)             Requested size: 71.83826pt x 71.83852pt.
<figs/synth/img_005_crop001_sigma4.63_pasd_crop.png, id=40, 128.48pt x 128.48pt>
File: figs/synth/img_005_crop001_sigma4.63_pasd_crop.png Graphic file (type png)
<use figs/synth/img_005_crop001_sigma4.63_pasd_crop.png>
Package pdftex.def Info: figs/synth/img_005_crop001_sigma4.63_pasd_crop.png  used on input line 454.
(pdftex.def)             Requested size: 71.83826pt x 71.83852pt.
<figs/synth/img_005_crop001_sigma4.63_seesr_crop.png, id=41, 128.48pt x 128.48pt>
File: figs/synth/img_005_crop001_sigma4.63_seesr_crop.png Graphic file (type png)
<use figs/synth/img_005_crop001_sigma4.63_seesr_crop.png>
Package pdftex.def Info: figs/synth/img_005_crop001_sigma4.63_seesr_crop.png  used on input line 454.
(pdftex.def)             Requested size: 71.83826pt x 71.83852pt.
<figs/synth/img_005_crop001_sigma4.63_resshift_crop.png, id=42, 128.48pt x 128.48pt>
File: figs/synth/img_005_crop001_sigma4.63_resshift_crop.png Graphic file (type png)
<use figs/synth/img_005_crop001_sigma4.63_resshift_crop.png>
Package pdftex.def Info: figs/synth/img_005_crop001_sigma4.63_resshift_crop.png  used on input line 454.
(pdftex.def)             Requested size: 71.83826pt x 71.83852pt.
<figs/synth/img_005_crop001_sigma4.63_s1.0_bxu4.63_cldm_crop.png, id=43, 128.48pt x 128.48pt>
File: figs/synth/img_005_crop001_sigma4.63_s1.0_bxu4.63_cldm_crop.png Graphic file (type png)
<use figs/synth/img_005_crop001_sigma4.63_s1.0_bxu4.63_cldm_crop.png>
Package pdftex.def Info: figs/synth/img_005_crop001_sigma4.63_s1.0_bxu4.63_cldm_crop.png  used on input line 454.
(pdftex.def)             Requested size: 71.83826pt x 71.83852pt.
<figs/synth/img_005_crop001_sigma4.63_s1.0_bxu4.63_ldm_crop.png, id=44, 128.48pt x 128.48pt>
File: figs/synth/img_005_crop001_sigma4.63_s1.0_bxu4.63_ldm_crop.png Graphic file (type png)
<use figs/synth/img_005_crop001_sigma4.63_s1.0_bxu4.63_ldm_crop.png>
Package pdftex.def Info: figs/synth/img_005_crop001_sigma4.63_s1.0_bxu4.63_ldm_crop.png  used on input line 454.
(pdftex.def)             Requested size: 71.83826pt x 71.83852pt.
<figs/synth/img_005_crop001_hq_crop.png, id=45, 128.48pt x 128.48pt>
File: figs/synth/img_005_crop001_hq_crop.png Graphic file (type png)
<use figs/synth/img_005_crop001_hq_crop.png>
Package pdftex.def Info: figs/synth/img_005_crop001_hq_crop.png  used on input line 454.
(pdftex.def)             Requested size: 71.83826pt x 71.83852pt.
Missing character: There is no ; in font nullfont!
Missing character: There is no ; in font nullfont!
Missing character: There is no ; in font nullfont!
<figs/real/a0071-kme_490_cr_cr.png, id=46, 64.24pt x 64.24pt>
File: figs/real/a0071-kme_490_cr_cr.png Graphic file (type png)
<use figs/real/a0071-kme_490_cr_cr.png>
Package pdftex.def Info: figs/real/a0071-kme_490_cr_cr.png  used on input line 469.
(pdftex.def)             Requested size: 105.36765pt x 105.37584pt.
<figs/real/a0071-kme_490_cr_cr_s2_bxu0.70_ldms.png, id=47, 64.24pt x 64.24pt>
File: figs/real/a0071-kme_490_cr_cr_s2_bxu0.70_ldms.png Graphic file (type png)
<use figs/real/a0071-kme_490_cr_cr_s2_bxu0.70_ldms.png>
Package pdftex.def Info: figs/real/a0071-kme_490_cr_cr_s2_bxu0.70_ldms.png  used on input line 469.
(pdftex.def)             Requested size: 105.36765pt x 105.37584pt.
<figs/real/a0071-kme_490_cr_cr_s2_bxu3.00_ldms.png, id=48, 64.24pt x 64.24pt>
File: figs/real/a0071-kme_490_cr_cr_s2_bxu3.00_ldms.png Graphic file (type png)
<use figs/real/a0071-kme_490_cr_cr_s2_bxu3.00_ldms.png>
Package pdftex.def Info: figs/real/a0071-kme_490_cr_cr_s2_bxu3.00_ldms.png  used on input line 469.
(pdftex.def)             Requested size: 105.36765pt x 105.37584pt.
<figs/real/a0071-kme_490_cr_cr_s2_bxu8.00_ldms.png, id=49, 64.24pt x 64.24pt>
File: figs/real/a0071-kme_490_cr_cr_s2_bxu8.00_ldms.png Graphic file (type png)
<use figs/real/a0071-kme_490_cr_cr_s2_bxu8.00_ldms.png>
Package pdftex.def Info: figs/real/a0071-kme_490_cr_cr_s2_bxu8.00_ldms.png  used on input line 469.
(pdftex.def)             Requested size: 105.36765pt x 105.37584pt.
Missing character: There is no ; in font nullfont!
Missing character: There is no ; in font nullfont!
Missing character: There is no ; in font nullfont!

Underfull \hbox (badness 10000) in paragraph at lines 479--479
\OMS/lmsy/m/n/10 ^^O$ \T1/lmr/m/n/10 We study two con-di-tion-ing strate-gies:
 []

Missing character: There is no ; in font nullfont!
Missing character: There is no ; in font nullfont!
Missing character: There is no ; in font nullfont!
LaTeX Font Info:    External font `lmex10' loaded for size
(Font)              <8> on input line 494.
Missing character: There is no ; in font nullfont!
Missing character: There is no ; in font nullfont!
Missing character: There is no ; in font nullfont!


[2

{/usr/local/texlive/2025/texmf-var/fonts/map/pdftex/updmap/pdftex.map}{/usr/local/texlive/2025/texmf-dist/fonts/enc/dvips/lm/lm-ec.enc}{/usr/local/texlive/2025/texmf-dist/fonts/enc/dvips/lm/lm-rm.enc}{/usr/local/texlive/2025/texmf-dist/fonts/enc/dvips/lm/lm-mathit.enc}{/usr/local/texlive/2025/texmf-dist/fonts/enc/dvips/lm/lm-mathsy.enc}{/usr/local/texlive/2025/texmf-dist/fonts/enc/dvips/lm/lm-mathex.enc} <./figs/DxO_Labs_logo.png> <./figs/logo_telecom_paris_ipp.png> <./figs/cldm_train-Page-1.drawio.pdf> <./figs/ldm_train-Page-1.drawio.pdf> <./figs/ldm_sample-Page-2.drawio.pdf> <./figs/BxU_diagram.drawio.pdf> <./figs/synth/img_001_crop000_sigma7.00_lq_boxed.png (PNG copy)> <./figs/synth/img_001_crop000_sigma7.00_diffbir_boxed.png (PNG copy)> <./figs/synth/img_001_crop000_sigma7.00_pasd_boxed.png (PNG copy)> <./figs/synth/img_001_crop000_sigma7.00_seesr_boxed.png (PNG copy)> <./figs/synth/img_001_crop000_sigma7.00_resshift_boxed.png (PNG copy)> <./figs/synth/img_001_crop000_sigma7.00_s1.0_bxu7.00_cldm_boxed.png (PNG copy)> <./figs/synth/img_001_crop000_sigma7.00_s1.0_bxu7.00_ldm_boxed.png (PNG copy)> <./figs/synth/img_001_crop000_hq_boxed.png (PNG copy)> <./figs/synth/img_001_crop000_sigma7.00_lq_crop.png (PNG copy)> <./figs/synth/img_001_crop000_sigma7.00_diffbir_crop.png (PNG copy)> <./figs/synth/img_001_crop000_sigma7.00_pasd_crop.png (PNG copy)> <./figs/synth/img_001_crop000_sigma7.00_seesr_crop.png (PNG copy)> <./figs/synth/img_001_crop000_sigma7.00_resshift_crop.png (PNG copy)> <./figs/synth/img_001_crop000_sigma7.00_s1.0_bxu7.00_cldm_crop.png (PNG copy)> <./figs/synth/img_001_crop000_sigma7.00_s1.0_bxu7.00_ldm_crop.png (PNG copy)> <./figs/synth/img_001_crop000_hq_crop.png (PNG copy)> <./figs/synth/img_005_crop001_sigma4.63_lq_boxed.png (PNG copy)> <./figs/synth/img_005_crop001_sigma4.63_diffbir_boxed.png (PNG copy)> <./figs/synth/img_005_crop001_sigma4.63_pasd_boxed.png (PNG copy)> <./figs/synth/img_005_crop001_sigma4.63_seesr_boxed.png (PNG copy)> <./figs/synth/img_005_crop001_sigma4.63_resshift_boxed.png (PNG copy)> <./figs/synth/img_005_crop001_sigma4.63_s1.0_bxu4.63_cldm_boxed.png (PNG copy)> <./figs/synth/img_005_crop001_sigma4.63_s1.0_bxu4.63_ldm_boxed.png (PNG copy)> <./figs/synth/img_005_crop001_hq_boxed.png (PNG copy)> <./figs/synth/img_005_crop001_sigma4.63_lq_crop.png (PNG copy)> <./figs/synth/img_005_crop001_sigma4.63_diffbir_crop.png (PNG copy)> <./figs/synth/img_005_crop001_sigma4.63_pasd_crop.png (PNG copy)> <./figs/synth/img_005_crop001_sigma4.63_seesr_crop.png (PNG copy)> <./figs/synth/img_005_crop001_sigma4.63_resshift_crop.png (PNG copy)> <./figs/synth/img_005_crop001_sigma4.63_s1.0_bxu4.63_cldm_crop.png (PNG copy)> <./figs/synth/img_005_crop001_sigma4.63_s1.0_bxu4.63_ldm_crop.png (PNG copy)> <./figs/synth/img_005_crop001_hq_crop.png (PNG copy)> <./figs/real/a0071-kme_490_cr_cr.png (PNG copy)> <./figs/real/a0071-kme_490_cr_cr_s2_bxu0.70_ldms.png (PNG copy)> <./figs/real/a0071-kme_490_cr_cr_s2_bxu3.00_ldms.png (PNG copy)> <./figs/real/a0071-kme_490_cr_cr_s2_bxu8.00_ldms.png (PNG copy)>] (./main.aux)
 ***********
LaTeX2e <2025-06-01> patch level 1
L3 programming layer <2025-08-13>
 ***********
 ) 
Here is how much of TeX's memory you used:
 18021 strings out of 467800
 373953 string characters out of 5431889
 851718 words of memory out of 5000000
 46307 multiletter control sequences out of 15000+600000
 715544 words of font info for 104 fonts, out of 8000000 for 9000
 1141 hyphenation exceptions out of 8191
 117i,16n,121p,434b,1019s stack positions out of 10000i,1000n,20000p,200000b,200000s
</usr/local/texlive/2025/texmf-dist/fonts/type1/public/lm/lmbx10.pfb></usr/local/texlive/2025/texmf-dist/fonts/type1/public/lm/lmbx7.pfb></usr/local/texlive/2025/texmf-dist/fonts/type1/public/lm/lmbx9.pfb></usr/local/texlive/2025/texmf-dist/fonts/type1/public/lm/lmcsc10.pfb></usr/local/texlive/2025/texmf-dist/fonts/type1/public/lm/lmex10.pfb></usr/local/texlive/2025/texmf-dist/fonts/type1/public/lm/lmmi10.pfb></usr/local/texlive/2025/texmf-dist/fonts/type1/public/lm/lmmi5.pfb></usr/local/texlive/2025/texmf-dist/fonts/type1/public/lm/lmmi7.pfb></usr/local/texlive/2025/texmf-dist/fonts/type1/public/lm/lmmib10.pfb></usr/local/texlive/2025/texmf-dist/fonts/type1/public/lm/lmmib7.pfb></usr/local/texlive/2025/texmf-dist/fonts/type1/public/lm/lmr10.pfb></usr/local/texlive/2025/texmf-dist/fonts/type1/public/lm/lmr5.pfb></usr/local/texlive/2025/texmf-dist/fonts/type1/public/lm/lmr6.pfb></usr/local/texlive/2025/texmf-dist/fonts/type1/public/lm/lmr7.pfb></usr/local/texlive/2025/texmf-dist/fonts/type1/public/lm/lmr8.pfb></usr/local/texlive/2025/texmf-dist/fonts/type1/public/lm/lmr9.pfb></usr/local/texlive/2025/texmf-dist/fonts/type1/public/lm/lmri10.pfb></usr/local/texlive/2025/texmf-dist/fonts/type1/public/lm/lmss12.pfb></usr/local/texlive/2025/texmf-dist/fonts/type1/public/lm/lmss9.pfb></usr/local/texlive/2025/texmf-dist/fonts/type1/public/lm/lmssbx10.pfb></usr/local/texlive/2025/texmf-dist/fonts/type1/public/lm/lmsy10.pfb></usr/local/texlive/2025/texmf-dist/fonts/type1/public/lm/lmsy7.pfb></usr/local/texlive/2025/texmf-dist/fonts/type1/public/lm/lmsy8.pfb></usr/local/texlive/2025/texmf-dist/fonts/type1/public/lm/lmsy9.pfb></usr/local/texlive/2025/texmf-dist/fonts/type1/public/amsfonts/symbols/msbm10.pfb>
Output written on main.pdf (1 page, 8124454 bytes).
PDF statistics:
 275 PDF objects out of 1000 (max. 8388607)
 142 compressed objects within 2 object streams
 0 named destinations out of 1000 (max. 500000)
 229 words of extra memory for PDF output out of 10000 (max. 10000000)

